2020-11-09 14:36:51 : A035720 학습을 시작합니다. 
2020-11-09 14:36:52 : 데이터셉 분리 학습을 시작합니다. 
2020-11-09 14:36:52 : 한 학습당 step : 1008 
2020-11-09 14:36:52 : 학습 환경 구성 
2020-11-09 14:36:52 : 학습 에이전트 구성 
2020-11-09 14:36:53 : 학습 시작 
2020-11-09 14:38:05 : 신경망 학습 시작 
2020-11-09 14:38:35 : A035720 학습을 시작합니다. 
2020-11-09 14:38:35 : 데이터셉 분리 학습을 시작합니다. 
2020-11-09 14:38:35 : 한 학습당 step : 1008 
2020-11-09 14:38:35 : 학습 환경 구성 
2020-11-09 14:38:35 : 학습 에이전트 구성 
2020-11-09 14:38:37 : 학습 시작 
2020-11-09 14:39:50 : 신경망 학습 시작 
2020-11-09 14:39:54 : 22.2309 
2020-11-09 14:39:54 : 다음 데이터가 없습니다. 1번째 에피소드가 끝났습니다. 
2020-11-09 14:39:54 : ------------ 
2020-11-09 14:41:07 : 신경망 학습 시작 
2020-11-09 14:41:07 : 0 
2020-11-09 14:41:07 : 다음 데이터가 없습니다. 2번째 에피소드가 끝났습니다. 
2020-11-09 14:41:07 : ------------ 
2020-11-09 14:42:18 : 신경망 학습 시작 
2020-11-09 14:42:19 : 37.4947 
2020-11-09 14:42:19 : 다음 데이터가 없습니다. 3번째 에피소드가 끝났습니다. 
2020-11-09 14:42:19 : ------------ 
2020-11-09 14:43:29 : 신경망 학습 시작 
2020-11-09 14:43:30 : 58.2061 
2020-11-09 14:43:30 : 다음 데이터가 없습니다. 4번째 에피소드가 끝났습니다. 
2020-11-09 14:43:30 : ------------ 
2020-11-09 14:44:40 : 신경망 학습 시작 
2020-11-09 14:44:41 : 59.291 
2020-11-09 14:44:41 : 다음 데이터가 없습니다. 5번째 에피소드가 끝났습니다. 
2020-11-09 14:44:41 : ------------ 
2020-11-09 14:45:51 : 신경망 학습 시작 
2020-11-09 14:45:52 : 38.4248 
2020-11-09 14:45:52 : 다음 데이터가 없습니다. 6번째 에피소드가 끝났습니다. 
2020-11-09 14:45:52 : ------------ 
2020-11-09 14:47:03 : 신경망 학습 시작 
2020-11-09 14:47:03 : 71.2606 
2020-11-09 14:47:03 : 다음 데이터가 없습니다. 7번째 에피소드가 끝났습니다. 
2020-11-09 14:47:03 : ------------ 
2020-11-09 14:48:14 : 신경망 학습 시작 
2020-11-09 14:48:14 : 0 
2020-11-09 14:48:14 : 다음 데이터가 없습니다. 8번째 에피소드가 끝났습니다. 
2020-11-09 14:48:14 : ------------ 
2020-11-09 14:49:25 : 신경망 학습 시작 
2020-11-09 14:49:25 : 78.8853 
2020-11-09 14:49:25 : 다음 데이터가 없습니다. 9번째 에피소드가 끝났습니다. 
2020-11-09 14:49:25 : ------------ 
2020-11-09 14:50:36 : 신경망 학습 시작 
2020-11-09 14:50:37 : 74.9242 
2020-11-09 14:50:37 : 다음 데이터가 없습니다. 10번째 에피소드가 끝났습니다. 
2020-11-09 14:50:37 : ------------ 
2020-11-09 14:50:37 : 학습 끝 
2020-11-09 14:50:37 : 테스트 시작 
2020-11-09 14:50:37 : 테스트 데이터 분리 
2020-11-09 14:50:38 : 테스트 시작 
2020-11-09 14:50:56 : reward : 10.1853 | 테스트 끝 
2020-11-09 14:50:56 : 테스트 끝 
